This is pdfTeX, Version 3.14159265-2.6-1.40.20 (TeX Live 2019/W32TeX) (preloaded format=pdflatex 2020.1.3)  28 MAY 2021 22:23
entering extended mode
 restricted \write18 enabled.
 file:line:error style messages enabled.
 %&-line parsing enabled.
**d:/Github/Algorithm-and-Complexity/Group-Project/Project-Template/Project-Template.tex
(d:/Github/Algorithm-and-Complexity/Group-Project/Project-Template/Project-Template.tex
LaTeX2e <2018-12-01>
(d:/Github/Algorithm-and-Complexity/Group-Project/Project-Template/llncs.cls
Document Class: llncs 2013/09/27 v2.18 
 LaTeX document class for Lecture Notes in Computer Science
(c:/texlive/2019/texmf-dist/tex/latex/base/article.cls
Document Class: article 2018/09/03 v1.4i Standard LaTeX document class
(c:/texlive/2019/texmf-dist/tex/latex/base/size10.clo
File: size10.clo 2018/09/03 v1.4i Standard LaTeX file (size option)
)
\c@part=\count80
\c@section=\count81
\c@subsection=\count82
\c@subsubsection=\count83
\c@paragraph=\count84
\c@subparagraph=\count85
\c@figure=\count86
\c@table=\count87
\abovecaptionskip=\skip41
\belowcaptionskip=\skip42
\bibindent=\dimen102
) (c:/texlive/2019/texmf-dist/tex/latex/tools/multicol.sty
Package: multicol 2018/12/27 v1.8v multicolumn formatting (FMi)
\c@tracingmulticols=\count88
\mult@box=\box27
\multicol@leftmargin=\dimen103
\c@unbalance=\count89
\c@collectmore=\count90
\doublecol@number=\count91
\multicoltolerance=\count92
\multicolpretolerance=\count93
\full@width=\dimen104
\page@free=\dimen105
\premulticols=\dimen106
\postmulticols=\dimen107
\multicolsep=\skip43
\multicolbaselineskip=\skip44
\partial@page=\box28
\last@line=\box29
\maxbalancingoverflow=\dimen108
\mult@rightbox=\box30
\mult@grightbox=\box31
\mult@gfirstbox=\box32
\mult@firstbox=\box33
\@tempa=\box34
\@tempa=\box35
\@tempa=\box36
\@tempa=\box37
\@tempa=\box38
\@tempa=\box39
\@tempa=\box40
\@tempa=\box41
\@tempa=\box42
\@tempa=\box43
\@tempa=\box44
\@tempa=\box45
\@tempa=\box46
\@tempa=\box47
\@tempa=\box48
\@tempa=\box49
\@tempa=\box50
\c@columnbadness=\count94
\c@finalcolumnbadness=\count95
\last@try=\dimen109
\multicolovershoot=\dimen110
\multicolundershoot=\dimen111
\mult@nat@firstbox=\box51
\colbreak@box=\box52
\mc@col@check@num=\count96
) (d:/Github/Algorithm-and-Complexity/Group-Project/Project-Template/aliascnt.sty
Package: aliascnt 2009/09/08 v1.3 Alias counter (HO)
 (d:/Github/Algorithm-and-Complexity/Group-Project/Project-Template/remreset.sty))
\c@chapter=\count97
LaTeX Font Info:    Redeclaring math symbol \Gamma on input line 367.
LaTeX Font Info:    Redeclaring math symbol \Delta on input line 368.
LaTeX Font Info:    Redeclaring math symbol \Theta on input line 369.
LaTeX Font Info:    Redeclaring math symbol \Lambda on input line 370.
LaTeX Font Info:    Redeclaring math symbol \Xi on input line 371.
LaTeX Font Info:    Redeclaring math symbol \Pi on input line 372.
LaTeX Font Info:    Redeclaring math symbol \Sigma on input line 373.
LaTeX Font Info:    Redeclaring math symbol \Upsilon on input line 374.
LaTeX Font Info:    Redeclaring math symbol \Phi on input line 375.
LaTeX Font Info:    Redeclaring math symbol \Psi on input line 376.
LaTeX Font Info:    Redeclaring math symbol \Omega on input line 377.
\tocchpnum=\dimen112
\tocsecnum=\dimen113
\tocsectotal=\dimen114
\tocsubsecnum=\dimen115
\tocsubsectotal=\dimen116
\tocsubsubsecnum=\dimen117
\tocsubsubsectotal=\dimen118
\tocparanum=\dimen119
\tocparatotal=\dimen120
\tocsubparanum=\dimen121
\@tempcntc=\count98
\fnindent=\dimen122
\c@@inst=\count99
\c@@auth=\count100
\c@auco=\count101
\instindent=\dimen123
\authrun=\box53
\authorrunning=\toks14
\tocauthor=\toks15
\titrun=\box54
\titlerunning=\toks16
\toctitle=\toks17
\c@theorem=\count102
\c@case=\count103
\c@conjecture=\count104
\c@corollary=\count105
\c@definition=\count106
\c@example=\count107
\c@exercise=\count108
\c@lemma=\count109
\c@note=\count110
\c@problem=\count111
\c@property=\count112
\c@proposition=\count113
\c@question=\count114
\c@solution=\count115
\c@remark=\count116
\headlineindent=\dimen124
) (c:/texlive/2019/texmf-dist/tex/latex/amsfonts/amssymb.sty
Package: amssymb 2013/01/14 v3.01 AMS font symbols
 (c:/texlive/2019/texmf-dist/tex/latex/amsfonts/amsfonts.sty
Package: amsfonts 2013/01/14 v3.01 Basic AMSFonts support
\@emptytoks=\toks18
\symAMSa=\mathgroup4
\symAMSb=\mathgroup5
LaTeX Font Info:    Overwriting math alphabet `\mathfrak' in version `bold'
(Font)                  U/euf/m/n --> U/euf/b/n on input line 106.
)) (c:/texlive/2019/texmf-dist/tex/latex/graphics/graphicx.sty
Package: graphicx 2017/06/01 v1.1a Enhanced LaTeX Graphics (DPC,SPQR)
 (c:/texlive/2019/texmf-dist/tex/latex/graphics/keyval.sty
Package: keyval 2014/10/28 v1.15 key=value parser (DPC)
\KV@toks@=\toks19
) (c:/texlive/2019/texmf-dist/tex/latex/graphics/graphics.sty
Package: graphics 2017/06/25 v1.2c Standard LaTeX Graphics (DPC,SPQR)
 (c:/texlive/2019/texmf-dist/tex/latex/graphics/trig.sty
Package: trig 2016/01/03 v1.10 sin cos tan (DPC)
) (c:/texlive/2019/texmf-dist/tex/latex/graphics-cfg/graphics.cfg
File: graphics.cfg 2016/06/04 v1.11 sample graphics configuration
)
Package graphics Info: Driver file: pdftex.def on input line 99.
 (c:/texlive/2019/texmf-dist/tex/latex/graphics-def/pdftex.def
File: pdftex.def 2018/01/08 v1.0l Graphics/color driver for pdftex
))
\Gin@req@height=\dimen125
\Gin@req@width=\dimen126
) (c:/texlive/2019/texmf-dist/tex/latex/algorithm2e/algorithm2e.sty
Package: algorithm2e 2017/07/18 v5.2 algorithms environments
\c@AlgoLine=\count117
 (c:/texlive/2019/texmf-dist/tex/latex/base/ifthen.sty
Package: ifthen 2014/09/29 v1.1c Standard LaTeX ifthen package (DPC)
)
\algocf@hangindent=\skip45
 (c:/texlive/2019/texmf-dist/tex/latex/ifoddpage/ifoddpage.sty
Package: ifoddpage 2016/04/23 v1.1 Conditionals for odd/even page detection
\c@checkoddpage=\count118
) (c:/texlive/2019/texmf-dist/tex/latex/tools/xspace.sty
Package: xspace 2014/10/28 v1.13 Space after command names (DPC,MH)
) (c:/texlive/2019/texmf-dist/tex/latex/relsize/relsize.sty
Package: relsize 2013/03/29 ver 4.1
)
\skiptotal=\skip46
\skiplinenumber=\skip47
\skiprule=\skip48
\skiphlne=\skip49
\skiptext=\skip50
\skiplength=\skip51
\algomargin=\skip52
\skipalgocfslide=\skip53
\algowidth=\dimen127
\inoutsize=\dimen128
\inoutindent=\dimen129
\interspacetitleruled=\dimen130
\interspacealgoruled=\dimen131
\interspacetitleboxruled=\dimen132
\algocf@ruledwidth=\skip54
\algocf@inoutbox=\box55
\algocf@inputbox=\box56
\AlCapSkip=\skip55
\AlCapHSkip=\skip56
\algoskipindent=\skip57
\algocf@nlbox=\box57
\algocf@hangingbox=\box58
\algocf@untilbox=\box59
\algocf@skipuntil=\skip58
\algocf@capbox=\box60
\algocf@lcaptionbox=\skip59
\algoheightruledefault=\skip60
\algoheightrule=\skip61
\algotitleheightruledefault=\skip62
\algotitleheightrule=\skip63
\c@algocfline=\count119
\c@algocfproc=\count120
\c@algocf=\count121
\algocf@algoframe=\box61
\algocf@algobox=\box62
) (c:/texlive/2019/texmf-dist/tex/latex/amsmath/amsmath.sty
Package: amsmath 2018/12/01 v2.17b AMS math features
\@mathmargin=\skip64

For additional information on amsmath, use the `?' option.
(c:/texlive/2019/texmf-dist/tex/latex/amsmath/amstext.sty
Package: amstext 2000/06/29 v2.01 AMS text
 (c:/texlive/2019/texmf-dist/tex/latex/amsmath/amsgen.sty
File: amsgen.sty 1999/11/30 v2.0 generic functions
\@emptytoks=\toks20
\ex@=\dimen133
)) (c:/texlive/2019/texmf-dist/tex/latex/amsmath/amsbsy.sty
Package: amsbsy 1999/11/29 v1.2d Bold Symbols
\pmbraise@=\dimen134
) (c:/texlive/2019/texmf-dist/tex/latex/amsmath/amsopn.sty
Package: amsopn 2016/03/08 v2.02 operator names
)
\inf@bad=\count122
LaTeX Info: Redefining \frac on input line 223.
\uproot@=\count123
\leftroot@=\count124
LaTeX Info: Redefining \overline on input line 385.
\classnum@=\count125
\DOTSCASE@=\count126
LaTeX Info: Redefining \ldots on input line 482.
LaTeX Info: Redefining \dots on input line 485.
LaTeX Info: Redefining \cdots on input line 606.
\Mathstrutbox@=\box63
\strutbox@=\box64
\big@size=\dimen135
LaTeX Font Info:    Redeclaring font encoding OML on input line 729.
LaTeX Font Info:    Redeclaring font encoding OMS on input line 730.


Package amsmath Warning: Unable to redefine math accent \vec.

\macc@depth=\count127
\c@MaxMatrixCols=\count128
\dotsspace@=\muskip10
\c@parentequation=\count129
\dspbrk@lvl=\count130
\tag@help=\toks21
\row@=\count131
\column@=\count132
\maxfields@=\count133
\andhelp@=\toks22
\eqnshift@=\dimen136
\alignsep@=\dimen137
\tagshift@=\dimen138
\tagwidth@=\dimen139
\totwidth@=\dimen140
\lineht@=\dimen141
\@envbody=\toks23
\multlinegap=\skip65
\multlinetaggap=\skip66
\mathdisplay@stack=\toks24
LaTeX Info: Redefining \[ on input line 2844.
LaTeX Info: Redefining \] on input line 2845.
) (c:/texlive/2019/texmf-dist/tex/latex/tools/tabularx.sty
Package: tabularx 2016/02/03 v2.11b `tabularx' package (DPC)
 (c:/texlive/2019/texmf-dist/tex/latex/tools/array.sty
Package: array 2018/12/30 v2.4k Tabular extension package (FMi)
\col@sep=\dimen142
\ar@mcellbox=\box65
\extrarowheight=\dimen143
\NC@list=\toks25
\extratabsurround=\skip67
\backup@length=\skip68
\ar@cellbox=\box66
)
\TX@col@width=\dimen144
\TX@old@table=\dimen145
\TX@old@col=\dimen146
\TX@target=\dimen147
\TX@delta=\dimen148
\TX@cols=\count134
\TX@ftn=\toks26
) (c:/texlive/2019/texmf-dist/tex/latex/hyperref/hyperref.sty
Package: hyperref 2018/11/30 v6.88e Hypertext links for LaTeX
 (c:/texlive/2019/texmf-dist/tex/generic/oberdiek/hobsub-hyperref.sty
Package: hobsub-hyperref 2016/05/16 v1.14 Bundle oberdiek, subset hyperref (HO)
 (c:/texlive/2019/texmf-dist/tex/generic/oberdiek/hobsub-generic.sty
Package: hobsub-generic 2016/05/16 v1.14 Bundle oberdiek, subset generic (HO)
Package: hobsub 2016/05/16 v1.14 Construct package bundles (HO)
Package: infwarerr 2016/05/16 v1.4 Providing info/warning/error messages (HO)
Package: ltxcmds 2016/05/16 v1.23 LaTeX kernel commands for general use (HO)
Package: ifluatex 2016/05/16 v1.4 Provides the ifluatex switch (HO)
Package ifluatex Info: LuaTeX not detected.
Package: ifvtex 2016/05/16 v1.6 Detect VTeX and its facilities (HO)
Package ifvtex Info: VTeX not detected.
Package: intcalc 2016/05/16 v1.2 Expandable calculations with integers (HO)
Package: ifpdf 2018/09/07 v3.3 Provides the ifpdf switch
Package: etexcmds 2016/05/16 v1.6 Avoid name clashes with e-TeX commands (HO)
Package: kvsetkeys 2016/05/16 v1.17 Key value parser (HO)
Package: kvdefinekeys 2016/05/16 v1.4 Define keys (HO)
Package: pdftexcmds 2018/09/10 v0.29 Utility functions of pdfTeX for LuaTeX (HO)
Package pdftexcmds Info: LuaTeX not detected.
Package pdftexcmds Info: \pdf@primitive is available.
Package pdftexcmds Info: \pdf@ifprimitive is available.
Package pdftexcmds Info: \pdfdraftmode found.
Package: pdfescape 2016/05/16 v1.14 Implements pdfTeX's escape features (HO)
Package: bigintcalc 2016/05/16 v1.4 Expandable calculations on big integers (HO)
Package: bitset 2016/05/16 v1.2 Handle bit-vector datatype (HO)
Package: uniquecounter 2016/05/16 v1.3 Provide unlimited unique counter (HO)
)
Package hobsub Info: Skipping package `hobsub' (already loaded).
Package: letltxmacro 2016/05/16 v1.5 Let assignment for LaTeX macros (HO)
Package: hopatch 2016/05/16 v1.3 Wrapper for package hooks (HO)
Package: xcolor-patch 2016/05/16 xcolor patch
Package: atveryend 2016/05/16 v1.9 Hooks at the very end of document (HO)
Package atveryend Info: \enddocument detected (standard20110627).
Package: atbegshi 2016/06/09 v1.18 At begin shipout hook (HO)
Package: refcount 2016/05/16 v3.5 Data extraction from label references (HO)
Package: hycolor 2016/05/16 v1.8 Color options for hyperref/bookmark (HO)
) (c:/texlive/2019/texmf-dist/tex/generic/ifxetex/ifxetex.sty
Package: ifxetex 2010/09/12 v0.6 Provides ifxetex conditional
) (c:/texlive/2019/texmf-dist/tex/latex/oberdiek/auxhook.sty
Package: auxhook 2016/05/16 v1.4 Hooks for auxiliary files (HO)
) (c:/texlive/2019/texmf-dist/tex/latex/oberdiek/kvoptions.sty
Package: kvoptions 2016/05/16 v3.12 Key value format for package options (HO)
)
\@linkdim=\dimen149
\Hy@linkcounter=\count135
\Hy@pagecounter=\count136
 (c:/texlive/2019/texmf-dist/tex/latex/hyperref/pd1enc.def
File: pd1enc.def 2018/11/30 v6.88e Hyperref: PDFDocEncoding definition (HO)
Now handling font encoding PD1 ...
... no UTF-8 mapping file for font encoding PD1
)
\Hy@SavedSpaceFactor=\count137
 (c:/texlive/2019/texmf-dist/tex/latex/latexconfig/hyperref.cfg
File: hyperref.cfg 2002/06/06 v1.2 hyperref configuration of TeXLive
)
Package hyperref Info: Option `colorlinks' set `true' on input line 4393.
Package hyperref Info: Hyper figures OFF on input line 4519.
Package hyperref Info: Link nesting OFF on input line 4524.
Package hyperref Info: Hyper index ON on input line 4527.
Package hyperref Info: Plain pages OFF on input line 4534.
Package hyperref Info: Backreferencing OFF on input line 4539.
Package hyperref Info: Implicit mode ON; LaTeX internals redefined.
Package hyperref Info: Bookmarks ON on input line 4772.
\c@Hy@tempcnt=\count138
 (c:/texlive/2019/texmf-dist/tex/latex/url/url.sty
\Urlmuskip=\muskip11
Package: url 2013/09/16  ver 3.4  Verb mode for urls, etc.
)
LaTeX Info: Redefining \url on input line 5125.
\XeTeXLinkMargin=\dimen150
\Fld@menulength=\count139
\Field@Width=\dimen151
\Fld@charsize=\dimen152
Package hyperref Info: Hyper figures OFF on input line 6380.
Package hyperref Info: Link nesting OFF on input line 6385.
Package hyperref Info: Hyper index ON on input line 6388.
Package hyperref Info: backreferencing OFF on input line 6395.
Package hyperref Info: Link coloring ON on input line 6398.
Package hyperref Info: Link coloring with OCG OFF on input line 6405.
Package hyperref Info: PDF/A mode OFF on input line 6410.
LaTeX Info: Redefining \ref on input line 6450.
LaTeX Info: Redefining \pageref on input line 6454.
\Hy@abspage=\count140
\c@Item=\count141
\c@Hfootnote=\count142
)
Package hyperref Info: Driver (autodetected): hpdftex.
 (c:/texlive/2019/texmf-dist/tex/latex/hyperref/hpdftex.def
File: hpdftex.def 2018/11/30 v6.88e Hyperref driver for pdfTeX
\Fld@listcount=\count143
\c@bookmark@seq@number=\count144
 (c:/texlive/2019/texmf-dist/tex/latex/oberdiek/rerunfilecheck.sty
Package: rerunfilecheck 2016/05/16 v1.8 Rerun checks for auxiliary files (HO)
Package uniquecounter Info: New unique counter `rerunfilecheck' on input line 282.
)
\Hy@SectionHShift=\skip69
) (c:/texlive/2019/texmf-dist/tex/latex/xcolor/xcolor.sty
Package: xcolor 2016/05/11 v2.12 LaTeX color extensions (UK)
 (c:/texlive/2019/texmf-dist/tex/latex/graphics-cfg/color.cfg
File: color.cfg 2016/01/02 v1.6 sample color configuration
)
Package xcolor Info: Driver file: pdftex.def on input line 225.
 (c:/texlive/2019/texmf-dist/tex/latex/colortbl/colortbl.sty
Package: colortbl 2018/12/12 v1.0d Color table columns (DPC)
\everycr=\toks27
\minrowclearance=\skip70
)
\rownum=\count145
Package xcolor Info: Model `cmy' substituted by `cmy0' on input line 1348.
Package xcolor Info: Model `hsb' substituted by `rgb' on input line 1352.
Package xcolor Info: Model `RGB' extended on input line 1364.
Package xcolor Info: Model `HTML' substituted by `rgb' on input line 1366.
Package xcolor Info: Model `Hsb' substituted by `hsb' on input line 1367.
Package xcolor Info: Model `tHsb' substituted by `hsb' on input line 1368.
Package xcolor Info: Model `HSB' substituted by `hsb' on input line 1369.
Package xcolor Info: Model `Gray' substituted by `gray' on input line 1370.
Package xcolor Info: Model `wave' substituted by `hsb' on input line 1371.
) (c:/texlive/2019/texmf-dist/tex/latex/subfigure/subfigure.sty
Package: subfigure 2002/03/15 v2.1.5 subfigure package
\subfigtopskip=\skip71
\subfigcapskip=\skip72
\subfigcaptopadj=\dimen153
\subfigbottomskip=\skip73
\subfigcapmargin=\dimen154
\subfiglabelskip=\skip74
\c@subfigure=\count146
\c@lofdepth=\count147
\c@subtable=\count148
\c@lotdepth=\count149

****************************************
* Local config file subfigure.cfg used *
****************************************
(c:/texlive/2019/texmf-dist/tex/latex/subfigure/subfigure.cfg)
\subfig@top=\skip75
\subfig@bottom=\skip76
) (c:/texlive/2019/texmf-dist/tex/latex/booktabs/booktabs.sty
Package: booktabs 2016/04/27 v1.618033 publication quality tables
\heavyrulewidth=\dimen155
\lightrulewidth=\dimen156
\cmidrulewidth=\dimen157
\belowrulesep=\dimen158
\belowbottomsep=\dimen159
\aboverulesep=\dimen160
\abovetopsep=\dimen161
\cmidrulesep=\dimen162
\cmidrulekern=\dimen163
\defaultaddspace=\dimen164
\@cmidla=\count150
\@cmidlb=\count151
\@aboverulesep=\dimen165
\@belowrulesep=\dimen166
\@thisruleclass=\count152
\@lastruleclass=\count153
\@thisrulewidth=\dimen167
) (c:/texlive/2019/texmf-dist/tex/latex/fancyhdr/fancyhdr.sty
Package: fancyhdr 2019/01/31 v3.10 Extensive control of page headers and footers
\f@nch@headwidth=\skip77
\f@nch@O@elh=\skip78
\f@nch@O@erh=\skip79
\f@nch@O@olh=\skip80
\f@nch@O@orh=\skip81
\f@nch@O@elf=\skip82
\f@nch@O@erf=\skip83
\f@nch@O@olf=\skip84
\f@nch@O@orf=\skip85
) (c:/texlive/2019/texmf-dist/tex/latex/lastpage/lastpage.sty
Package: lastpage 2015/03/29 v1.2m Refers to last page's name (HMM; JPG)
) (c:/texlive/2019/texmf-dist/tex/latex/tools/layout.sty
Package: layout 2014/10/28 v1.2c Show layout parameters
\oneinch=\count154
\cnt@paperwidth=\count155
\cnt@paperheight=\count156
\cnt@hoffset=\count157
\cnt@voffset=\count158
\cnt@textheight=\count159
\cnt@textwidth=\count160
\cnt@topmargin=\count161
\cnt@oddsidemargin=\count162
\cnt@evensidemargin=\count163
\cnt@headheight=\count164
\cnt@headsep=\count165
\cnt@marginparsep=\count166
\cnt@marginparwidth=\count167
\cnt@marginparpush=\count168
\cnt@footskip=\count169
\fheight=\count170
\ref@top=\count171
\ref@hoffset=\count172
\ref@voffset=\count173
\ref@head=\count174
\ref@body=\count175
\ref@foot=\count176
\ref@margin=\count177
\ref@marginwidth=\count178
\ref@marginpar=\count179
\Interval=\count180
\ExtraYPos=\count181
\PositionX=\count182
\PositionY=\count183
\ArrowLength=\count184
) (c:/texlive/2019/texmf-dist/tex/latex/here/here.sty) (c:/texlive/2019/texmf-dist/tex/latex/float/float.sty
Package: float 2001/11/08 v1.3d Float enhancements (AL)
\c@float@type=\count185
\float@exts=\toks28
\float@box=\box67
\@float@everytoks=\toks29
\@floatcapt=\box68
) (d:/Github/Algorithm-and-Complexity/Group-Project/Project-Template/Project-Template.aux)
\openout1 = `Project-Template.aux'.

LaTeX Font Info:    Checking defaults for OML/cmm/m/it on input line 41.
LaTeX Font Info:    ... okay on input line 41.
LaTeX Font Info:    Checking defaults for T1/cmr/m/n on input line 41.
LaTeX Font Info:    ... okay on input line 41.
LaTeX Font Info:    Checking defaults for OT1/cmr/m/n on input line 41.
LaTeX Font Info:    ... okay on input line 41.
LaTeX Font Info:    Checking defaults for OMS/cmsy/m/n on input line 41.
LaTeX Font Info:    ... okay on input line 41.
LaTeX Font Info:    Checking defaults for OMX/cmex/m/n on input line 41.
LaTeX Font Info:    ... okay on input line 41.
LaTeX Font Info:    Checking defaults for U/cmr/m/n on input line 41.
LaTeX Font Info:    ... okay on input line 41.
LaTeX Font Info:    Checking defaults for PD1/pdf/m/n on input line 41.
LaTeX Font Info:    ... okay on input line 41.
 (c:/texlive/2019/texmf-dist/tex/context/base/mkii/supp-pdf.mkii
[Loading MPS to PDF converter (version 2006.09.02).]
\scratchcounter=\count186
\scratchdimen=\dimen168
\scratchbox=\box69
\nofMPsegments=\count187
\nofMParguments=\count188
\everyMPshowfont=\toks30
\MPscratchCnt=\count189
\MPscratchDim=\dimen169
\MPnumerator=\count190
\makeMPintoPDFobject=\count191
\everyMPtoPDFconversion=\toks31
) (c:/texlive/2019/texmf-dist/tex/latex/oberdiek/epstopdf-base.sty
Package: epstopdf-base 2016/05/15 v2.6 Base part for package epstopdf
 (c:/texlive/2019/texmf-dist/tex/latex/oberdiek/grfext.sty
Package: grfext 2016/05/16 v1.2 Manage graphics extensions (HO)
)
Package epstopdf-base Info: Redefining graphics rule for `.eps' on input line 438.
Package grfext Info: Graphics extension search list:
(grfext)             [.pdf,.png,.jpg,.mps,.jpeg,.jbig2,.jb2,.PDF,.PNG,.JPG,.JPEG,.JBIG2,.JB2,.eps]
(grfext)             \AppendGraphicsExtensions on input line 456.
 (c:/texlive/2019/texmf-dist/tex/latex/latexconfig/epstopdf-sys.cfg
File: epstopdf-sys.cfg 2010/07/13 v1.3 Configuration of (r)epstopdf for TeX Live
))
\AtBeginShipoutBox=\box70
Package hyperref Info: Link coloring ON on input line 41.
 (c:/texlive/2019/texmf-dist/tex/latex/hyperref/nameref.sty
Package: nameref 2016/05/21 v2.44 Cross-referencing by name of section
 (c:/texlive/2019/texmf-dist/tex/generic/oberdiek/gettitlestring.sty
Package: gettitlestring 2016/05/16 v1.5 Cleanup title references (HO)
)
\c@section@level=\count192
)
LaTeX Info: Redefining \ref on input line 41.
LaTeX Info: Redefining \pageref on input line 41.
LaTeX Info: Redefining \nameref on input line 41.
 (d:/Github/Algorithm-and-Complexity/Group-Project/Project-Template/Project-Template.out) (d:/Github/Algorithm-and-Complexity/Group-Project/Project-Template/Project-Template.out)
\@outlinefile=\write3
\openout3 = `Project-Template.out'.

Package lastpage Info: Please have a look at the pageslts package at
(lastpage)             https://www.ctan.org/pkg/pageslts
(lastpage)             ! on input line 41.
LaTeX Font Info:    Try loading font information for U+msa on input line 48.
 (c:/texlive/2019/texmf-dist/tex/latex/amsfonts/umsa.fd
File: umsa.fd 2013/01/14 v3.01 AMS symbols A
)
LaTeX Font Info:    Try loading font information for U+msb on input line 48.
 (c:/texlive/2019/texmf-dist/tex/latex/amsfonts/umsb.fd
File: umsb.fd 2013/01/14 v3.01 AMS symbols B
)
Underfull \hbox (badness 10000) in paragraph at lines 49--50

 []


Underfull \hbox (badness 10000) in paragraph at lines 51--52

 []


Underfull \hbox (badness 10000) in paragraph at lines 53--54

 []


Underfull \hbox (badness 10000) in paragraph at lines 55--56

 []


Underfull \hbox (badness 10000) in paragraph at lines 57--58

 []

[1{c:/texlive/2019/texmf-var/fonts/map/pdftex/updmap/pdftex.map}

] [2pdfTeX warning (ext4): destination with the same identifier (name{table.1.1}) has been already used, duplicate ignored

\AtBegShi@Output ...ipout \box \AtBeginShipoutBox 
                                                  \fi \fi 
l.128 $
       $ \min\limits_{lex}  \tau = <t^{\prime}_1,t^{\prime}_2, \cdots, t^{\p...]
Underfull \hbox (badness 10000) in paragraph at lines 132--158

 []


Underfull \hbox (badness 10000) in paragraph at lines 132--158

 []

[3] [4] [5]

pdfTeX warning: pdflatex.exe (file d:/Github/Algorithm-and-Complexity/Group-Project/Project-Template/DAG.pdf): PDF inclusion: found PDF version <1.7>, but at most version <1.5> allowed
<DAG.pdf, id=79, 768.99466pt x 504.87161pt>
File: DAG.pdf Graphic file (type pdf)
<use DAG.pdf>
Package pdftex.def Info: DAG.pdf  used on input line 279.
(pdftex.def)             Requested size: 364.19664pt x 239.10776pt.

Underfull \vbox (badness 10000) has occurred while \output is active []

 [6pdfTeX warning (ext4): destination with the same identifier (name{algocf.1}) has been already used, duplicate ignored

\AtBegShi@Output ...ipout \box \AtBeginShipoutBox 
                                                  \fi \fi 
l.283 
      ]

pdfTeX warning: pdflatex.exe (file d:/Github/Algorithm-and-Complexity/Group-Project/Project-Template/Flow-Chart.pdf): PDF inclusion: found PDF version <1.7>, but at most version <1.5> allowed
<Flow-Chart.pdf, id=100, 960.65921pt x 428.32301pt>
File: Flow-Chart.pdf Graphic file (type pdf)
<use Flow-Chart.pdf>
Package pdftex.def Info: Flow-Chart.pdf  used on input line 287.
(pdftex.def)             Requested size: 364.19664pt x 162.37883pt.

Underfull \vbox (badness 4765) has occurred while \output is active []

 [7pdfTeX warning (ext4): destination with the same identifier (name{figure.1.1}) has been already used, duplicate ignored

\AtBegShi@Output ...ipout \box \AtBeginShipoutBox 
                                                  \fi \fi 
l.317     S
           o far, we have given a complete solution to the required problem.pdfTeX warning (ext4): destination with the same identifier (name{figure.1.2}) has been already used, duplicate ignored

\AtBegShi@Output ...ipout \box \AtBeginShipoutBox 
                                                  \fi \fi 
l.317     S
           o far, we have given a complete solution to the required problem. <d:/Github/Algorithm-and-Complexity/Group-Project/Project-Template/DAG.pdf> <d:/Github/Algorithm-and-Complexity/Group-Project/Project-Template/Flow-Chart.pdf

pdfTeX warning: pdflatex.exe (file d:/Github/Algorithm-and-Complexity/Group-Project/Project-Template/Flow-Chart.pdf): PDF inclusion: multiple pdfs with page group included in a single page
>] 
AED: lastpage setting LastPage
[8pdfTeX warning (ext4): destination with the same identifier (name{algocf.2}) has been already used, duplicate ignored

\AtBegShi@Output ...ipout \box \AtBeginShipoutBox 
                                                  \fi \fi 
l.368 \end{document}
                    ]
Package atveryend Info: Empty hook `BeforeClearDocument' on input line 368.
Package atveryend Info: Empty hook `AfterLastShipout' on input line 368.
 (d:/Github/Algorithm-and-Complexity/Group-Project/Project-Template/Project-Template.aux)
Package atveryend Info: Executing hook `AtVeryEndDocument' on input line 368.
Package atveryend Info: Executing hook `AtEndAfterFileList' on input line 368.
Package rerunfilecheck Info: File `Project-Template.out' has not changed.
(rerunfilecheck)             Checksum: 4ACB36C7DDCA0D3C0D82CD7085D60CB9;86.
Package atveryend Info: Empty hook `AtVeryVeryEnd' on input line 368.
 ) 
Here is how much of TeX's memory you used:
 8411 strings out of 492623
 119817 string characters out of 6133291
 246006 words of memory out of 5000000
 12143 multiletter control sequences out of 15000+600000
 12289 words of font info for 46 fonts, out of 8000000 for 9000
 1141 hyphenation exceptions out of 8191
 30i,17n,43p,1373b,530s stack positions out of 5000i,500n,10000p,200000b,80000s
<c:/texlive/2019/texmf-dist/fonts/type1/public/amsfonts/cm/cmbx10.pfb><c:/texlive/2019/texmf-dist/fonts/type1/public/amsfonts/cm/cmbx12.pfb><c:/texlive/2019/texmf-dist/fonts/type1/public/amsfonts/cm/cmbx7.pfb><c:/texlive/2019/texmf-dist/fonts/type1/public/amsfonts/cm/cmbx9.pfb><c:/texlive/2019/texmf-dist/fonts/type1/public/amsfonts/cm/cmbxti10.pfb><c:/texlive/2019/texmf-dist/fonts/type1/public/amsfonts/cm/cmex10.pfb><c:/texlive/2019/texmf-dist/fonts/type1/public/amsfonts/cm/cmmi10.pfb><c:/texlive/2019/texmf-dist/fonts/type1/public/amsfonts/cm/cmmi5.pfb><c:/texlive/2019/texmf-dist/fonts/type1/public/amsfonts/cm/cmmi6.pfb><c:/texlive/2019/texmf-dist/fonts/type1/public/amsfonts/cm/cmmi7.pfb><c:/texlive/2019/texmf-dist/fonts/type1/public/amsfonts/cm/cmmi9.pfb><c:/texlive/2019/texmf-dist/fonts/type1/public/amsfonts/cm/cmr10.pfb><c:/texlive/2019/texmf-dist/fonts/type1/public/amsfonts/cm/cmr7.pfb><c:/texlive/2019/texmf-dist/fonts/type1/public/amsfonts/cm/cmr9.pfb><c:/texlive/2019/texmf-dist/fonts/type1/public/amsfonts/cm/cmsy10.pfb><c:/texlive/2019/texmf-dist/fonts/type1/public/amsfonts/cm/cmsy5.pfb><c:/texlive/2019/texmf-dist/fonts/type1/public/amsfonts/cm/cmsy7.pfb><c:/texlive/2019/texmf-dist/fonts/type1/public/amsfonts/cm/cmsy9.pfb><c:/texlive/2019/texmf-dist/fonts/type1/public/amsfonts/cm/cmti10.pfb><c:/texlive/2019/texmf-dist/fonts/type1/public/amsfonts/symbols/msam10.pfb><c:/texlive/2019/texmf-dist/fonts/type1/public/amsfonts/symbols/msbm10.pfb>
Output written on d:/Github/Algorithm-and-Complexity/Group-Project/Project-Template/Project-Template.pdf (8 pages, 691409 bytes).
PDF statistics:
 233 PDF objects out of 1000 (max. 8388607)
 183 compressed objects within 2 object streams
 56 named destinations out of 1000 (max. 500000)
 19 words of extra memory for PDF output out of 10000 (max. 10000000)

